Using pre-set license

 COMMAND LINE ARGUMENTS:
/Applications/Unity/Hub/Editor/2020.3.5f1/Unity.app/Contents/MacOS/Unity
-adb2
-batchMode
-noUpm
-name
AssetImportWorker0
-projectPath
/Users/theo/Documents/GitHub/ClimateMuseum
-logFile
Logs/AssetImportWorker0.log
-srvPort
64448
Successfully changed project path to: /Users/theo/Documents/GitHub/ClimateMuseum
/Users/theo/Documents/GitHub/ClimateMuseum
Using Asset Import Pipeline V2.
Refreshing native plugins compatible for Editor in 30.68 ms, found 1 plugins.
Preloading 0 native plugins for Editor in 0.00 ms.
Initialize engine version: 2020.3.5f1 (8095aa901b9b)
[Subsystems] Discovering subsystems at path /Applications/Unity/Hub/Editor/2020.3.5f1/Unity.app/Contents/Resources/UnitySubsystems
[Subsystems] Discovering subsystems at path /Users/theo/Documents/GitHub/ClimateMuseum/Assets
GfxDevice: creating device client; threaded=0
2021-07-05 14:36:18.754 Unity[13458:1119572] VX3276-QHD preferred device: Intel(R) Iris(TM) Plus Graphics 645 (low power)
2021-07-05 14:36:18.754 Unity[13458:1119572] Metal devices available: 1
2021-07-05 14:36:18.754 Unity[13458:1119572] 0: Intel(R) Iris(TM) Plus Graphics 645 (low power)
2021-07-05 14:36:18.754 Unity[13458:1119572] Using device Intel(R) Iris(TM) Plus Graphics 645 (low power)
Initializing Metal device caps: Intel(R) Iris(TM) Plus Graphics 645
Initialize mono
Mono path[0] = '/Applications/Unity/Hub/Editor/2020.3.5f1/Unity.app/Contents/Managed'
Mono path[1] = '/Applications/Unity/Hub/Editor/2020.3.5f1/Unity.app/Contents/MonoBleedingEdge/lib/mono/unityjit'
Mono config path = '/Applications/Unity/Hub/Editor/2020.3.5f1/Unity.app/Contents/MonoBleedingEdge/etc'
Using monoOptions --debugger-agent=transport=dt_socket,embedding=1,server=y,suspend=n,address=127.0.0.1:56458
Begin MonoManager ReloadAssembly
Registering precompiled unity dll's ...
Register platform support module: /Applications/Unity/Hub/Editor/2020.3.5f1/PlaybackEngines/WebGLSupport/UnityEditor.WebGL.Extensions.dll
Register platform support module: /Applications/Unity/Hub/Editor/2020.3.5f1/Unity.app/Contents/PlaybackEngines/MacStandaloneSupport/UnityEditor.OSXStandalone.Extensions.dll
Registered in 0.004962 seconds.
Native extension for OSXStandalone target not found
Native extension for WebGL target not found
Refreshing native plugins compatible for Editor in 70.54 ms, found 1 plugins.
Preloading 0 native plugins for Editor in 0.00 ms.
Mono: successfully reloaded assembly
- Completed reload, in  4.197 seconds
Platform modules already initialized, skipping
Registering precompiled user dll's ...
Registered in 0.002379 seconds.
Begin MonoManager ReloadAssembly
Native extension for OSXStandalone target not found
Native extension for WebGL target not found
Refreshing native plugins compatible for Editor in 0.69 ms, found 1 plugins.
Preloading 0 native plugins for Editor in 0.00 ms.
Mono: successfully reloaded assembly
- Completed reload, in  3.121 seconds
Platform modules already initialized, skipping
========================================================================
Worker process is ready to serve import requests
Launching external process: /Applications/Unity/Hub/Editor/2020.3.5f1/Unity.app/Contents/Tools/UnityShaderCompiler
Launched and connected shader compiler UnityShaderCompiler after 0.03 seconds
Refreshing native plugins compatible for Editor in 0.46 ms, found 1 plugins.
Preloading 0 native plugins for Editor in 0.00 ms.
Unloading 1181 Unused Serialized files (Serialized files now loaded: 0)
System memory in use before: 115.3 MB.
System memory in use after: 115.3 MB.

Unloading 9 unused Assets to reduce memory usage. Loaded Objects now: 1630.
Total: 4.136138 ms (FindLiveObjects: 0.407497 ms CreateObjectMapping: 0.105149 ms MarkObjects: 3.434691 ms  DeleteObjects: 0.186862 ms)

========================================================================
Received Import Request.
  path: Assets/Scripts/GlobusProjekt/Slider.cs
  artifactKey: Guid(29b48e2e367024e1c8735ef8ed166b58) Importer(815301076,1909f56bfc062723c751e8b465ee728b)
Start importing Assets/Scripts/GlobusProjekt/Slider.cs using Guid(29b48e2e367024e1c8735ef8ed166b58) Importer(815301076,1909f56bfc062723c751e8b465ee728b)  -> (artifact id: '87275733cd45f285c3861b2f44137377') in 0.925548 seconds
  Import took 0.931766 seconds .

========================================================================
Received Prepare
Refreshing native plugins compatible for Editor in 1.47 ms, found 1 plugins.
Preloading 0 native plugins for Editor in 0.00 ms.
Unloading 2 Unused Serialized files (Serialized files now loaded: 0)
System memory in use before: 95.2 MB.
System memory in use after: 95.3 MB.

Unloading 2 unused Assets to reduce memory usage. Loaded Objects now: 1630.
Total: 2.635671 ms (FindLiveObjects: 0.445560 ms CreateObjectMapping: 0.083470 ms MarkObjects: 2.074509 ms  DeleteObjects: 0.030352 ms)

========================================================================
Received Prepare
Registering precompiled user dll's ...
Registered in 0.001627 seconds.
Begin MonoManager ReloadAssembly
Native extension for OSXStandalone target not found
Native extension for WebGL target not found
Refreshing native plugins compatible for Editor in 0.55 ms, found 1 plugins.
Preloading 0 native plugins for Editor in 0.00 ms.
Mono: successfully reloaded assembly
- Completed reload, in  2.194 seconds
Platform modules already initialized, skipping
Refreshing native plugins compatible for Editor in 0.43 ms, found 1 plugins.
Preloading 0 native plugins for Editor in 0.00 ms.
Unloading 1163 Unused Serialized files (Serialized files now loaded: 0)
System memory in use before: 118.7 MB.
System memory in use after: 118.8 MB.

Unloading 4 unused Assets to reduce memory usage. Loaded Objects now: 1633.
Total: 2.532714 ms (FindLiveObjects: 0.291287 ms CreateObjectMapping: 0.051263 ms MarkObjects: 2.135082 ms  DeleteObjects: 0.053531 ms)

========================================================================
Received Prepare
Registering precompiled user dll's ...
Registered in 0.002462 seconds.
Begin MonoManager ReloadAssembly
Native extension for OSXStandalone target not found
Native extension for WebGL target not found
Refreshing native plugins compatible for Editor in 0.64 ms, found 1 plugins.
Preloading 0 native plugins for Editor in 0.00 ms.
Mono: successfully reloaded assembly
- Completed reload, in  3.335 seconds
Platform modules already initialized, skipping
Refreshing native plugins compatible for Editor in 0.62 ms, found 1 plugins.
Preloading 0 native plugins for Editor in 0.00 ms.
Unloading 1163 Unused Serialized files (Serialized files now loaded: 0)
System memory in use before: 118.9 MB.
System memory in use after: 119.0 MB.

Unloading 4 unused Assets to reduce memory usage. Loaded Objects now: 1636.
Total: 4.378094 ms (FindLiveObjects: 0.347835 ms CreateObjectMapping: 0.154708 ms MarkObjects: 3.745519 ms  DeleteObjects: 0.123803 ms)

========================================================================
Received Import Request.
  Time since last request: 3960.257659 seconds.
  path: Assets/Prefabs/Globe/Globe.prefab
  artifactKey: Guid(c46a3dfb314f6a24eaa450bd64d77ac7) Importer(815301076,1909f56bfc062723c751e8b465ee728b)
Start importing Assets/Prefabs/Globe/Globe.prefab using Guid(c46a3dfb314f6a24eaa450bd64d77ac7) Importer(815301076,1909f56bfc062723c751e8b465ee728b)  -> (artifact id: '6ce16ccc00b032497e8d0a638c20df7c') in 3.596804 seconds
  Import took 3.604258 seconds .

========================================================================
Received Import Request.
  Time since last request: 62.620728 seconds.
  path: Assets/Scripts/GlobusProjekt/Slider.cs
  artifactKey: Guid(29b48e2e367024e1c8735ef8ed166b58) Importer(815301076,1909f56bfc062723c751e8b465ee728b)
Start importing Assets/Scripts/GlobusProjekt/Slider.cs using Guid(29b48e2e367024e1c8735ef8ed166b58) Importer(815301076,1909f56bfc062723c751e8b465ee728b)  -> (artifact id: '0d61bc1ffe9613f84bc97c911fcac832') in 0.006481 seconds
  Import took 0.009892 seconds .

========================================================================
Received Prepare
Registering precompiled user dll's ...
Registered in 0.000416 seconds.
Begin MonoManager ReloadAssembly
Native extension for OSXStandalone target not found
Native extension for WebGL target not found
Refreshing native plugins compatible for Editor in 0.32 ms, found 1 plugins.
Preloading 0 native plugins for Editor in 0.00 ms.
Mono: successfully reloaded assembly
- Completed reload, in  0.963 seconds
Platform modules already initialized, skipping
Refreshing native plugins compatible for Editor in 0.28 ms, found 1 plugins.
Preloading 0 native plugins for Editor in 0.00 ms.
Unloading 1163 Unused Serialized files (Serialized files now loaded: 0)
System memory in use before: 127.0 MB.
System memory in use after: 127.1 MB.

Unloading 6 unused Assets to reduce memory usage. Loaded Objects now: 1648.
Total: 1.631370 ms (FindLiveObjects: 0.140174 ms CreateObjectMapping: 0.034091 ms MarkObjects: 1.426983 ms  DeleteObjects: 0.028962 ms)

========================================================================
Received Import Request.
  Time since last request: 31.788376 seconds.
  path: Assets/Scripts/GlobusProjekt/Slider.cs
  artifactKey: Guid(29b48e2e367024e1c8735ef8ed166b58) Importer(815301076,1909f56bfc062723c751e8b465ee728b)
Start importing Assets/Scripts/GlobusProjekt/Slider.cs using Guid(29b48e2e367024e1c8735ef8ed166b58) Importer(815301076,1909f56bfc062723c751e8b465ee728b)  -> (artifact id: 'df94b119511692e7379a90dcf374c0c4') in 0.003453 seconds
  Import took 0.005957 seconds .

========================================================================
Received Import Request.
  Time since last request: 2.311914 seconds.
  path: Assets/Scripts/GlobusProjekt/Slider.cs
  artifactKey: Guid(29b48e2e367024e1c8735ef8ed166b58) Importer(815301076,1909f56bfc062723c751e8b465ee728b)
Start importing Assets/Scripts/GlobusProjekt/Slider.cs using Guid(29b48e2e367024e1c8735ef8ed166b58) Importer(815301076,1909f56bfc062723c751e8b465ee728b)  -> (artifact id: 'df94b119511692e7379a90dcf374c0c4') in 0.001695 seconds
  Import took 0.005013 seconds .

========================================================================
Received Prepare
Registering precompiled user dll's ...
Registered in 0.002528 seconds.
Begin MonoManager ReloadAssembly
Native extension for OSXStandalone target not found
Native extension for WebGL target not found
Refreshing native plugins compatible for Editor in 1.22 ms, found 1 plugins.
Preloading 0 native plugins for Editor in 0.00 ms.
Mono: successfully reloaded assembly
- Completed reload, in  4.003 seconds
Platform modules already initialized, skipping
Refreshing native plugins compatible for Editor in 1.01 ms, found 1 plugins.
Preloading 0 native plugins for Editor in 0.00 ms.
Unloading 1163 Unused Serialized files (Serialized files now loaded: 0)
System memory in use before: 127.2 MB.
System memory in use after: 127.3 MB.

Unloading 4 unused Assets to reduce memory usage. Loaded Objects now: 1651.
Total: 5.131634 ms (FindLiveObjects: 0.460517 ms CreateObjectMapping: 0.205955 ms MarkObjects: 4.424684 ms  DeleteObjects: 0.037679 ms)

========================================================================
Received Prepare
Registering precompiled user dll's ...
Registered in 0.000921 seconds.
Begin MonoManager ReloadAssembly
Native extension for OSXStandalone target not found
Native extension for WebGL target not found
Refreshing native plugins compatible for Editor in 0.43 ms, found 1 plugins.
Preloading 0 native plugins for Editor in 0.00 ms.
Mono: successfully reloaded assembly
- Completed reload, in  0.997 seconds
Platform modules already initialized, skipping
Refreshing native plugins compatible for Editor in 0.30 ms, found 1 plugins.
Preloading 0 native plugins for Editor in 0.00 ms.
Unloading 1163 Unused Serialized files (Serialized files now loaded: 0)
System memory in use before: 127.4 MB.
System memory in use after: 127.5 MB.

Unloading 4 unused Assets to reduce memory usage. Loaded Objects now: 1654.
Total: 1.673187 ms (FindLiveObjects: 0.217526 ms CreateObjectMapping: 0.047033 ms MarkObjects: 1.385201 ms  DeleteObjects: 0.022655 ms)

========================================================================
Received Prepare
Registering precompiled user dll's ...
Registered in 0.000431 seconds.
Begin MonoManager ReloadAssembly
Native extension for OSXStandalone target not found
Native extension for WebGL target not found
Refreshing native plugins compatible for Editor in 0.47 ms, found 1 plugins.
Preloading 0 native plugins for Editor in 0.00 ms.
Mono: successfully reloaded assembly
- Completed reload, in  1.074 seconds
Platform modules already initialized, skipping
Refreshing native plugins compatible for Editor in 0.29 ms, found 1 plugins.
Preloading 0 native plugins for Editor in 0.00 ms.
Unloading 1163 Unused Serialized files (Serialized files now loaded: 0)
System memory in use before: 127.6 MB.
System memory in use after: 127.7 MB.

Unloading 4 unused Assets to reduce memory usage. Loaded Objects now: 1657.
Total: 2.816332 ms (FindLiveObjects: 0.359193 ms CreateObjectMapping: 0.078852 ms MarkObjects: 2.305876 ms  DeleteObjects: 0.070468 ms)

========================================================================
Received Prepare
Registering precompiled user dll's ...
Registered in 0.001167 seconds.
Begin MonoManager ReloadAssembly
Native extension for OSXStandalone target not found
Native extension for WebGL target not found
Refreshing native plugins compatible for Editor in 0.29 ms, found 1 plugins.
Preloading 0 native plugins for Editor in 0.00 ms.
Mono: successfully reloaded assembly
- Completed reload, in  0.976 seconds
Platform modules already initialized, skipping
Refreshing native plugins compatible for Editor in 0.30 ms, found 1 plugins.
Preloading 0 native plugins for Editor in 0.00 ms.
Unloading 1163 Unused Serialized files (Serialized files now loaded: 0)
System memory in use before: 127.8 MB.
System memory in use after: 127.9 MB.

Unloading 4 unused Assets to reduce memory usage. Loaded Objects now: 1660.
Total: 1.969788 ms (FindLiveObjects: 0.241307 ms CreateObjectMapping: 0.060804 ms MarkObjects: 1.649717 ms  DeleteObjects: 0.016695 ms)

========================================================================
Received Import Request.
  Time since last request: 2210.740832 seconds.
  path: Assets/Scenes/Museum.unity
  artifactKey: Guid(9a353310689f4a2abad3c67225ccbe68) Importer(815301076,1909f56bfc062723c751e8b465ee728b)
Start importing Assets/Scenes/Museum.unity using Guid(9a353310689f4a2abad3c67225ccbe68) Importer(815301076,1909f56bfc062723c751e8b465ee728b)  -> (artifact id: 'e9f69616ab300491f28c5559ff06e354') in 0.020441 seconds
  Import took 0.023241 seconds .

========================================================================
Received Import Request.
  Time since last request: 36.946535 seconds.
  path: Assets/Scripts/GlobusProjekt/StartGlobe.cs
  artifactKey: Guid(24ac8c98902e54092882f7679a513496) Importer(815301076,1909f56bfc062723c751e8b465ee728b)
Start importing Assets/Scripts/GlobusProjekt/StartGlobe.cs using Guid(24ac8c98902e54092882f7679a513496) Importer(815301076,1909f56bfc062723c751e8b465ee728b)  -> (artifact id: '93b28d79fa1bb92ecf59b10a2278d4be') in 0.011010 seconds
  Import took 0.013872 seconds .

========================================================================
Received Import Request.
  Time since last request: 0.027376 seconds.
  path: Assets/Scripts/GlobusProjekt/StartGlobe.cs
  artifactKey: Guid(24ac8c98902e54092882f7679a513496) Importer(815301076,1909f56bfc062723c751e8b465ee728b)
Start importing Assets/Scripts/GlobusProjekt/StartGlobe.cs using Guid(24ac8c98902e54092882f7679a513496) Importer(815301076,1909f56bfc062723c751e8b465ee728b)  -> (artifact id: '93b28d79fa1bb92ecf59b10a2278d4be') in 0.001442 seconds
  Import took 0.003475 seconds .

========================================================================
Received Prepare
Registering precompiled user dll's ...
Registered in 0.000423 seconds.
Begin MonoManager ReloadAssembly
Native extension for OSXStandalone target not found
Native extension for WebGL target not found
Refreshing native plugins compatible for Editor in 0.29 ms, found 1 plugins.
Preloading 0 native plugins for Editor in 0.00 ms.
Mono: successfully reloaded assembly
- Completed reload, in  0.952 seconds
Platform modules already initialized, skipping
Refreshing native plugins compatible for Editor in 0.25 ms, found 1 plugins.
Preloading 0 native plugins for Editor in 0.00 ms.
Unloading 1163 Unused Serialized files (Serialized files now loaded: 0)
System memory in use before: 128.1 MB.
System memory in use after: 128.1 MB.

Unloading 4 unused Assets to reduce memory usage. Loaded Objects now: 1663.
Total: 2.558469 ms (FindLiveObjects: 0.285723 ms CreateObjectMapping: 0.067965 ms MarkObjects: 2.179778 ms  DeleteObjects: 0.023179 ms)

========================================================================
Received Import Request.
  Time since last request: 53.695210 seconds.
  path: Assets/Scripts/GlobusProjekt/StartGlobe.cs
  artifactKey: Guid(24ac8c98902e54092882f7679a513496) Importer(815301076,1909f56bfc062723c751e8b465ee728b)
Start importing Assets/Scripts/GlobusProjekt/StartGlobe.cs using Guid(24ac8c98902e54092882f7679a513496) Importer(815301076,1909f56bfc062723c751e8b465ee728b)  -> (artifact id: 'feba800fc436a67be752574f983fa186') in 0.006018 seconds
  Import took 0.009940 seconds .

========================================================================
Received Prepare
Registering precompiled user dll's ...
Registered in 0.001665 seconds.
Begin MonoManager ReloadAssembly
Native extension for OSXStandalone target not found
Native extension for WebGL target not found
Refreshing native plugins compatible for Editor in 0.33 ms, found 1 plugins.
Preloading 0 native plugins for Editor in 0.00 ms.
Mono: successfully reloaded assembly
- Completed reload, in  1.084 seconds
Platform modules already initialized, skipping
Refreshing native plugins compatible for Editor in 0.43 ms, found 1 plugins.
Preloading 0 native plugins for Editor in 0.00 ms.
Unloading 1163 Unused Serialized files (Serialized files now loaded: 0)
System memory in use before: 128.3 MB.
System memory in use after: 128.4 MB.

Unloading 4 unused Assets to reduce memory usage. Loaded Objects now: 1666.
Total: 1.765709 ms (FindLiveObjects: 0.156882 ms CreateObjectMapping: 0.037821 ms MarkObjects: 1.552093 ms  DeleteObjects: 0.016908 ms)

========================================================================
Received Prepare
Registering precompiled user dll's ...
Registered in 0.000534 seconds.
Begin MonoManager ReloadAssembly
Native extension for OSXStandalone target not found
Native extension for WebGL target not found
Refreshing native plugins compatible for Editor in 0.32 ms, found 1 plugins.
Preloading 0 native plugins for Editor in 0.00 ms.
Mono: successfully reloaded assembly
- Completed reload, in  1.060 seconds
Platform modules already initialized, skipping
Refreshing native plugins compatible for Editor in 0.28 ms, found 1 plugins.
Preloading 0 native plugins for Editor in 0.00 ms.
Unloading 1163 Unused Serialized files (Serialized files now loaded: 0)
System memory in use before: 128.5 MB.
System memory in use after: 128.6 MB.

Unloading 4 unused Assets to reduce memory usage. Loaded Objects now: 1669.
Total: 2.019317 ms (FindLiveObjects: 0.237319 ms CreateObjectMapping: 0.041105 ms MarkObjects: 1.696320 ms  DeleteObjects: 0.043267 ms)

========================================================================
Received Import Request.
  Time since last request: 360.242518 seconds.
  path: Assets/Scripts/GlobusProjekt/StartGlobe.cs
  artifactKey: Guid(24ac8c98902e54092882f7679a513496) Importer(815301076,1909f56bfc062723c751e8b465ee728b)
Start importing Assets/Scripts/GlobusProjekt/StartGlobe.cs using Guid(24ac8c98902e54092882f7679a513496) Importer(815301076,1909f56bfc062723c751e8b465ee728b)  -> (artifact id: 'fbaeed6f623a31ba2ab797b9916e36e7') in 0.007730 seconds
  Import took 0.011760 seconds .

========================================================================
Received Import Request.
  Time since last request: 84.268067 seconds.
  path: Assets/Prefabs/Globe/Globe.prefab
  artifactKey: Guid(c46a3dfb314f6a24eaa450bd64d77ac7) Importer(815301076,1909f56bfc062723c751e8b465ee728b)
Start importing Assets/Prefabs/Globe/Globe.prefab using Guid(c46a3dfb314f6a24eaa450bd64d77ac7) Importer(815301076,1909f56bfc062723c751e8b465ee728b)  -> (artifact id: '787f29dcc16145b163d992d8c1ce6fa3') in 0.112542 seconds
  Import took 0.115951 seconds .

========================================================================
Received Import Request.
  Time since last request: 7.591763 seconds.
  path: Assets/Materials/Globe/Cow/VertexColorUnlit.mat
  artifactKey: Guid(b83d3bf75db8f704fb67e55cf64a537f) Importer(815301076,1909f56bfc062723c751e8b465ee728b)
Start importing Assets/Materials/Globe/Cow/VertexColorUnlit.mat using Guid(b83d3bf75db8f704fb67e55cf64a537f) Importer(815301076,1909f56bfc062723c751e8b465ee728b)  -> (artifact id: 'f7fe697f15d1a852c0bdbfcd28353655') in 0.405049 seconds
  Import took 0.408429 seconds .

========================================================================
Received Prepare
Registering precompiled user dll's ...
Registered in 0.000422 seconds.
Begin MonoManager ReloadAssembly
Native extension for OSXStandalone target not found
Native extension for WebGL target not found
Refreshing native plugins compatible for Editor in 0.29 ms, found 1 plugins.
Preloading 0 native plugins for Editor in 0.00 ms.
Mono: successfully reloaded assembly
- Completed reload, in  0.973 seconds
Platform modules already initialized, skipping
Refreshing native plugins compatible for Editor in 0.27 ms, found 1 plugins.
Preloading 0 native plugins for Editor in 0.00 ms.
Unloading 1163 Unused Serialized files (Serialized files now loaded: 0)
System memory in use before: 133.3 MB.
System memory in use after: 133.4 MB.

Unloading 6 unused Assets to reduce memory usage. Loaded Objects now: 1706.
Total: 1.785453 ms (FindLiveObjects: 0.195486 ms CreateObjectMapping: 0.044360 ms MarkObjects: 1.513718 ms  DeleteObjects: 0.030705 ms)

========================================================================
Received Import Request.
  Time since last request: 3.474669 seconds.
  path: Assets/Prefabs/Globe/Globe.prefab
  artifactKey: Guid(c46a3dfb314f6a24eaa450bd64d77ac7) Importer(815301076,1909f56bfc062723c751e8b465ee728b)
Start importing Assets/Prefabs/Globe/Globe.prefab using Guid(c46a3dfb314f6a24eaa450bd64d77ac7) Importer(815301076,1909f56bfc062723c751e8b465ee728b)  -> (artifact id: '3d6b6788aadb2ff6a5d939646fb5f9e5') in 0.082391 seconds
  Import took 0.085961 seconds .

========================================================================
Received Import Request.
  Time since last request: 1.119119 seconds.
  path: Assets/Prefabs/Globe/Globe.prefab
  artifactKey: Guid(c46a3dfb314f6a24eaa450bd64d77ac7) Importer(815301076,1909f56bfc062723c751e8b465ee728b)
Start importing Assets/Prefabs/Globe/Globe.prefab using Guid(c46a3dfb314f6a24eaa450bd64d77ac7) Importer(815301076,1909f56bfc062723c751e8b465ee728b)  -> (artifact id: '49c544237cbf46b3f3955950c5cd15eb') in 0.016920 seconds
  Import took 0.020269 seconds .

========================================================================
Received Import Request.
  Time since last request: 6.323536 seconds.
  path: Assets/Prefabs/Globe/Globe.prefab
  artifactKey: Guid(c46a3dfb314f6a24eaa450bd64d77ac7) Importer(815301076,1909f56bfc062723c751e8b465ee728b)
Start importing Assets/Prefabs/Globe/Globe.prefab using Guid(c46a3dfb314f6a24eaa450bd64d77ac7) Importer(815301076,1909f56bfc062723c751e8b465ee728b)  -> (artifact id: '22e630dad0c2d096d990f78710979bd1') in 0.018655 seconds
  Import took 0.021530 seconds .

========================================================================
Received Prepare
Registering precompiled user dll's ...
Registered in 0.001163 seconds.
Begin MonoManager ReloadAssembly
Native extension for OSXStandalone target not found
Native extension for WebGL target not found
Refreshing native plugins compatible for Editor in 0.29 ms, found 1 plugins.
Preloading 0 native plugins for Editor in 0.00 ms.
Mono: successfully reloaded assembly
- Completed reload, in  0.960 seconds
Platform modules already initialized, skipping
Refreshing native plugins compatible for Editor in 0.25 ms, found 1 plugins.
Preloading 0 native plugins for Editor in 0.00 ms.
Unloading 1163 Unused Serialized files (Serialized files now loaded: 0)
System memory in use before: 133.6 MB.
System memory in use after: 133.7 MB.

Unloading 6 unused Assets to reduce memory usage. Loaded Objects now: 1710.
Total: 2.354712 ms (FindLiveObjects: 0.196698 ms CreateObjectMapping: 0.064284 ms MarkObjects: 2.056754 ms  DeleteObjects: 0.035629 ms)

